<?xml version="1.0" encoding="UTF-8"?>
<coverage generated="1741736350546" clover="3.2.0">
  <project timestamp="1741736350546" name="All files">
    <metrics statements="156" coveredstatements="156" conditionals="29" coveredconditionals="28" methods="82" coveredmethods="82" elements="267" coveredelements="266" complexity="0" loc="156" ncloc="156" packages="4" files="16" classes="16"/>
    <package name="src">
      <metrics statements="86" coveredstatements="86" conditionals="13" coveredconditionals="13" methods="45" coveredmethods="45"/>
      <file name="App.tsx" path="/Users/dorianthompson2/CISC275/task-9-components-dorianthompson/src/App.tsx">
        <metrics statements="1" coveredstatements="1" conditionals="0" coveredconditionals="0" methods="1" coveredmethods="1"/>
        <line num="15" count="1" type="stmt"/>
      </file>
      <file name="nested.ts" path="/Users/dorianthompson2/CISC275/task-9-components-dorianthompson/src/nested.ts">
        <metrics statements="64" coveredstatements="64" conditionals="9" coveredconditionals="9" methods="32" coveredmethods="32"/>
        <line num="10" count="10" type="stmt"/>
        <line num="11" count="40" type="stmt"/>
        <line num="13" count="10" type="stmt"/>
        <line num="22" count="20" type="stmt"/>
        <line num="26" count="5" type="stmt"/>
        <line num="28" count="20" type="stmt"/>
        <line num="36" count="5" type="stmt"/>
        <line num="38" count="5" type="stmt"/>
        <line num="49" count="11" type="stmt"/>
        <line num="50" count="24" type="stmt"/>
        <line num="52" count="11" type="cond" truecount="2" falsecount="0"/>
        <line num="60" count="5" type="stmt"/>
        <line num="61" count="17" type="stmt"/>
        <line num="63" count="5" type="stmt"/>
        <line num="71" count="20" type="stmt"/>
        <line num="72" count="5" type="stmt"/>
        <line num="79" count="10" type="stmt"/>
        <line num="80" count="31" type="stmt"/>
        <line num="83" count="10" type="stmt"/>
        <line num="90" count="5" type="stmt"/>
        <line num="92" count="5" type="stmt"/>
        <line num="114" count="20" type="stmt"/>
        <line num="116" count="20" type="stmt"/>
        <line num="119" count="5" type="stmt"/>
        <line num="121" count="5" type="stmt"/>
        <line num="122" count="20" type="stmt"/>
        <line num="124" count="5" type="stmt"/>
        <line num="133" count="5" type="stmt"/>
        <line num="134" count="20" type="stmt"/>
        <line num="141" count="5" type="stmt"/>
        <line num="149" count="5" type="stmt"/>
        <line num="150" count="20" type="stmt"/>
        <line num="152" count="5" type="stmt"/>
        <line num="160" count="6" type="stmt"/>
        <line num="161" count="6" type="stmt"/>
        <line num="162" count="17" type="stmt"/>
        <line num="165" count="6" type="stmt"/>
        <line num="179" count="3" type="stmt"/>
        <line num="192" count="3" type="stmt"/>
        <line num="193" count="3" type="stmt"/>
        <line num="194" count="6" type="stmt"/>
        <line num="197" count="3" type="stmt"/>
        <line num="199" count="3" type="stmt"/>
        <line num="214" count="4" type="stmt"/>
        <line num="215" count="7" type="stmt"/>
        <line num="217" count="4" type="stmt"/>
        <line num="218" count="4" type="stmt"/>
        <line num="222" count="4" type="cond" truecount="2" falsecount="0"/>
        <line num="223" count="3" type="stmt"/>
        <line num="225" count="4" type="stmt"/>
        <line num="244" count="5" type="stmt"/>
        <line num="245" count="12" type="stmt"/>
        <line num="248" count="5" type="stmt"/>
        <line num="250" count="5" type="cond" truecount="2" falsecount="0"/>
        <line num="251" count="3" type="stmt"/>
        <line num="256" count="2" type="stmt"/>
        <line num="260" count="2" type="stmt"/>
        <line num="267" count="5" type="stmt"/>
        <line num="281" count="3" type="stmt"/>
        <line num="282" count="6" type="stmt"/>
        <line num="284" count="3" type="stmt"/>
        <line num="285" count="3" type="stmt"/>
        <line num="286" count="3" type="stmt"/>
        <line num="287" count="3" type="stmt"/>
      </file>
      <file name="objects.ts" path="/Users/dorianthompson2/CISC275/task-9-components-dorianthompson/src/objects.ts">
        <metrics statements="21" coveredstatements="21" conditionals="4" coveredconditionals="4" methods="12" coveredmethods="12"/>
        <line num="13" count="6" type="stmt"/>
        <line num="33" count="14" type="stmt"/>
        <line num="45" count="18" type="cond" truecount="2" falsecount="0"/>
        <line num="46" count="10" type="stmt"/>
        <line num="48" count="24" type="stmt"/>
        <line num="52" count="8" type="stmt"/>
        <line num="62" count="5" type="stmt"/>
        <line num="83" count="4" type="stmt"/>
        <line num="85" count="4" type="stmt"/>
        <line num="87" count="6" type="stmt"/>
        <line num="88" count="4" type="cond" truecount="2" falsecount="0"/>
        <line num="89" count="2" type="stmt"/>
        <line num="92" count="4" type="stmt"/>
        <line num="99" count="2" type="stmt"/>
        <line num="108" count="4" type="stmt"/>
        <line num="109" count="4" type="stmt"/>
        <line num="119" count="5" type="stmt"/>
        <line num="120" count="5" type="stmt"/>
        <line num="131" count="2" type="stmt"/>
        <line num="132" count="2" type="stmt"/>
        <line num="149" count="2" type="stmt"/>
      </file>
    </package>
    <package name="src.bad-components">
      <metrics statements="32" coveredstatements="32" conditionals="2" coveredconditionals="1" methods="20" coveredmethods="20"/>
      <file name="ChooseTeam.tsx" path="/Users/dorianthompson2/CISC275/task-9-components-dorianthompson/src/bad-components/ChooseTeam.tsx">
        <metrics statements="10" coveredstatements="10" conditionals="2" coveredconditionals="1" methods="6" coveredmethods="6"/>
        <line num="4" count="2" type="stmt"/>
        <line num="14" count="17" type="stmt"/>
        <line num="15" count="17" type="stmt"/>
        <line num="18" count="9" type="cond" truecount="1" falsecount="1"/>
        <line num="19" count="9" type="stmt"/>
        <line num="24" count="1" type="stmt"/>
        <line num="27" count="17" type="stmt"/>
        <line num="33" count="102" type="stmt"/>
        <line num="37" count="9" type="stmt"/>
        <line num="49" count="15" type="stmt"/>
      </file>
      <file name="ColoredBox.tsx" path="/Users/dorianthompson2/CISC275/task-9-components-dorianthompson/src/bad-components/ColoredBox.tsx">
        <metrics statements="9" coveredstatements="9" conditionals="0" coveredconditionals="0" methods="5" coveredmethods="5"/>
        <line num="4" count="2" type="stmt"/>
        <line num="5" count="2" type="stmt"/>
        <line num="16" count="7" type="stmt"/>
        <line num="19" count="3" type="stmt"/>
        <line num="28" count="7" type="stmt"/>
        <line num="44" count="7" type="stmt"/>
        <line num="45" count="7" type="stmt"/>
        <line num="46" count="3" type="stmt"/>
        <line num="48" count="7" type="stmt"/>
      </file>
      <file name="DoubleHalf.tsx" path="/Users/dorianthompson2/CISC275/task-9-components-dorianthompson/src/bad-components/DoubleHalf.tsx">
        <metrics statements="8" coveredstatements="8" conditionals="0" coveredconditionals="0" methods="5" coveredmethods="5"/>
        <line num="13" count="14" type="stmt"/>
        <line num="17" count="14" type="stmt"/>
        <line num="21" count="14" type="stmt"/>
        <line num="22" count="14" type="stmt"/>
        <line num="23" count="3" type="stmt"/>
        <line num="25" count="14" type="stmt"/>
        <line num="26" count="5" type="stmt"/>
        <line num="28" count="14" type="stmt"/>
      </file>
      <file name="DoubleHalfState.tsx" path="/Users/dorianthompson2/CISC275/task-9-components-dorianthompson/src/bad-components/DoubleHalfState.tsx">
        <metrics statements="0" coveredstatements="0" conditionals="0" coveredconditionals="0" methods="0" coveredmethods="0"/>
      </file>
      <file name="ShoveBox.tsx" path="/Users/dorianthompson2/CISC275/task-9-components-dorianthompson/src/bad-components/ShoveBox.tsx">
        <metrics statements="5" coveredstatements="5" conditionals="0" coveredconditionals="0" methods="4" coveredmethods="4"/>
        <line num="11" count="7" type="stmt"/>
        <line num="14" count="3" type="stmt"/>
        <line num="23" count="7" type="stmt"/>
        <line num="40" count="7" type="stmt"/>
        <line num="42" count="7" type="stmt"/>
      </file>
    </package>
    <package name="src.components">
      <metrics statements="38" coveredstatements="38" conditionals="14" coveredconditionals="14" methods="17" coveredmethods="17"/>
      <file name="ChangeType.tsx" path="/Users/dorianthompson2/CISC275/task-9-components-dorianthompson/src/components/ChangeType.tsx">
        <metrics statements="6" coveredstatements="6" conditionals="4" coveredconditionals="4" methods="2" coveredmethods="2"/>
        <line num="6" count="9" type="stmt"/>
        <line num="7" count="9" type="stmt"/>
        <line num="8" count="3" type="cond" truecount="2" falsecount="0"/>
        <line num="9" count="1" type="stmt"/>
        <line num="11" count="2" type="stmt"/>
        <line num="14" count="9" type="stmt"/>
      </file>
      <file name="Counter.tsx" path="/Users/dorianthompson2/CISC275/task-9-components-dorianthompson/src/components/Counter.tsx">
        <metrics statements="3" coveredstatements="3" conditionals="0" coveredconditionals="0" methods="2" coveredmethods="2"/>
        <line num="5" count="9" type="stmt"/>
        <line num="6" count="9" type="stmt"/>
        <line num="8" count="3" type="stmt"/>
      </file>
      <file name="CycleHoliday.tsx" path="/Users/dorianthompson2/CISC275/task-9-components-dorianthompson/src/components/CycleHoliday.tsx">
        <metrics statements="7" coveredstatements="7" conditionals="0" coveredconditionals="0" methods="3" coveredmethods="3"/>
        <line num="5" count="2" type="stmt"/>
        <line num="13" count="2" type="stmt"/>
        <line num="21" count="2" type="stmt"/>
        <line num="30" count="17" type="stmt"/>
        <line num="31" count="17" type="stmt"/>
        <line num="36" count="6" type="stmt"/>
        <line num="43" count="6" type="stmt"/>
      </file>
      <file name="RevealAnswer.tsx" path="/Users/dorianthompson2/CISC275/task-9-components-dorianthompson/src/components/RevealAnswer.tsx">
        <metrics statements="4" coveredstatements="4" conditionals="2" coveredconditionals="2" methods="2" coveredmethods="2"/>
        <line num="5" count="8" type="stmt"/>
        <line num="6" count="8" type="stmt"/>
        <line num="7" count="3" type="stmt"/>
        <line num="9" count="8" type="stmt"/>
      </file>
      <file name="StartAttempt.tsx" path="/Users/dorianthompson2/CISC275/task-9-components-dorianthompson/src/components/StartAttempt.tsx">
        <metrics statements="10" coveredstatements="10" conditionals="2" coveredconditionals="2" methods="4" coveredmethods="4"/>
        <line num="5" count="65" type="stmt"/>
        <line num="6" count="65" type="stmt"/>
        <line num="7" count="65" type="stmt"/>
        <line num="8" count="16" type="stmt"/>
        <line num="9" count="16" type="stmt"/>
        <line num="11" count="65" type="stmt"/>
        <line num="12" count="12" type="stmt"/>
        <line num="14" count="65" type="stmt"/>
        <line num="15" count="10" type="stmt"/>
        <line num="18" count="65" type="stmt"/>
      </file>
      <file name="TwoDice.tsx" path="/Users/dorianthompson2/CISC275/task-9-components-dorianthompson/src/components/TwoDice.tsx">
        <metrics statements="8" coveredstatements="8" conditionals="6" coveredconditionals="6" methods="4" coveredmethods="4"/>
        <line num="11" count="17" type="stmt"/>
        <line num="15" count="26" type="stmt"/>
        <line num="16" count="26" type="stmt"/>
        <line num="17" count="26" type="stmt"/>
        <line num="18" count="8" type="stmt"/>
        <line num="20" count="26" type="stmt"/>
        <line num="21" count="9" type="stmt"/>
        <line num="23" count="26" type="stmt"/>
      </file>
    </package>
    <package name="src.interfaces">
      <metrics statements="0" coveredstatements="0" conditionals="0" coveredconditionals="0" methods="0" coveredmethods="0"/>
      <file name="answer.ts" path="/Users/dorianthompson2/CISC275/task-9-components-dorianthompson/src/interfaces/answer.ts">
        <metrics statements="0" coveredstatements="0" conditionals="0" coveredconditionals="0" methods="0" coveredmethods="0"/>
      </file>
      <file name="question.ts" path="/Users/dorianthompson2/CISC275/task-9-components-dorianthompson/src/interfaces/question.ts">
        <metrics statements="0" coveredstatements="0" conditionals="0" coveredconditionals="0" methods="0" coveredmethods="0"/>
      </file>
    </package>
  </project>
</coverage>
