{"/Users/dorianthompson2/CISC275/task-9-components-dorianthompson/src/App.tsx": {"path":"/Users/dorianthompson2/CISC275/task-9-components-dorianthompson/src/App.tsx","statementMap":{"0":{"start":{"line":15,"column":4},"end":{"line":41,"column":6}}},"fnMap":{"0":{"name":"App","decl":{"start":{"line":14,"column":9},"end":{"line":14,"column":12}},"loc":{"start":{"line":14,"column":34},"end":{"line":42,"column":1}},"line":14}},"branchMap":{},"s":{"0":1},"f":{"0":1},"b":{},"_coverageSchema":"1a1c01bbd47fc00a2c39e90264f33305004495a9","hash":"5cfee1bcb8d50fb76c48c4226611b14226f3d2c3"}
,"/Users/dorianthompson2/CISC275/task-9-components-dorianthompson/src/nested.ts": {"path":"/Users/dorianthompson2/CISC275/task-9-components-dorianthompson/src/nested.ts","statementMap":{"0":{"start":{"line":9,"column":4},"end":{"line":9,"column":14}},"1":{"start":{"line":18,"column":4},"end":{"line":18,"column":14}},"2":{"start":{"line":29,"column":4},"end":{"line":29,"column":16}},"3":{"start":{"line":37,"column":4},"end":{"line":37,"column":14}},"4":{"start":{"line":45,"column":4},"end":{"line":45,"column":14}},"5":{"start":{"line":52,"column":4},"end":{"line":52,"column":13}},"6":{"start":{"line":59,"column":4},"end":{"line":59,"column":13}},"7":{"start":{"line":80,"column":4},"end":{"line":80,"column":14}},"8":{"start":{"line":89,"column":4},"end":{"line":89,"column":14}},"9":{"start":{"line":97,"column":4},"end":{"line":97,"column":14}},"10":{"start":{"line":105,"column":4},"end":{"line":105,"column":17}},"11":{"start":{"line":119,"column":4},"end":{"line":119,"column":14}},"12":{"start":{"line":132,"column":4},"end":{"line":132,"column":14}},"13":{"start":{"line":147,"column":4},"end":{"line":147,"column":14}},"14":{"start":{"line":166,"column":4},"end":{"line":166,"column":14}},"15":{"start":{"line":180,"column":4},"end":{"line":180,"column":14}}},"fnMap":{"0":{"name":"getPublishedQuestions","decl":{"start":{"line":8,"column":16},"end":{"line":8,"column":37}},"loc":{"start":{"line":8,"column":73},"end":{"line":10,"column":1}},"line":8},"1":{"name":"getNonEmptyQuestions","decl":{"start":{"line":17,"column":16},"end":{"line":17,"column":36}},"loc":{"start":{"line":17,"column":72},"end":{"line":19,"column":1}},"line":17},"2":{"name":"findQuestion","decl":{"start":{"line":25,"column":16},"end":{"line":25,"column":28}},"loc":{"start":{"line":28,"column":19},"end":{"line":30,"column":1}},"line":28},"3":{"name":"removeQuestion","decl":{"start":{"line":36,"column":16},"end":{"line":36,"column":30}},"loc":{"start":{"line":36,"column":78},"end":{"line":38,"column":1}},"line":36},"4":{"name":"getNames","decl":{"start":{"line":44,"column":16},"end":{"line":44,"column":24}},"loc":{"start":{"line":44,"column":58},"end":{"line":46,"column":1}},"line":44},"5":{"name":"sumPoints","decl":{"start":{"line":51,"column":16},"end":{"line":51,"column":25}},"loc":{"start":{"line":51,"column":57},"end":{"line":53,"column":1}},"line":51},"6":{"name":"sumPublishedPoints","decl":{"start":{"line":58,"column":16},"end":{"line":58,"column":34}},"loc":{"start":{"line":58,"column":66},"end":{"line":60,"column":1}},"line":58},"7":{"name":"toCSV","decl":{"start":{"line":79,"column":16},"end":{"line":79,"column":21}},"loc":{"start":{"line":79,"column":53},"end":{"line":81,"column":1}},"line":79},"8":{"name":"makeAnswers","decl":{"start":{"line":88,"column":16},"end":{"line":88,"column":27}},"loc":{"start":{"line":88,"column":61},"end":{"line":90,"column":1}},"line":88},"9":{"name":"publishAll","decl":{"start":{"line":96,"column":16},"end":{"line":96,"column":26}},"loc":{"start":{"line":96,"column":62},"end":{"line":98,"column":1}},"line":96},"10":{"name":"sameType","decl":{"start":{"line":104,"column":16},"end":{"line":104,"column":24}},"loc":{"start":{"line":104,"column":57},"end":{"line":106,"column":1}},"line":104},"11":{"name":"addNewQuestion","decl":{"start":{"line":113,"column":16},"end":{"line":113,"column":30}},"loc":{"start":{"line":118,"column":14},"end":{"line":120,"column":1}},"line":118},"12":{"name":"renameQuestionById","decl":{"start":{"line":127,"column":16},"end":{"line":127,"column":34}},"loc":{"start":{"line":131,"column":14},"end":{"line":133,"column":1}},"line":131},"13":{"name":"changeQuestionTypeById","decl":{"start":{"line":142,"column":16},"end":{"line":142,"column":38}},"loc":{"start":{"line":146,"column":14},"end":{"line":148,"column":1}},"line":146},"14":{"name":"editOption","decl":{"start":{"line":160,"column":16},"end":{"line":160,"column":26}},"loc":{"start":{"line":165,"column":2},"end":{"line":167,"column":1}},"line":165},"15":{"name":"duplicateQuestionInArray","decl":{"start":{"line":175,"column":16},"end":{"line":175,"column":40}},"loc":{"start":{"line":179,"column":14},"end":{"line":181,"column":1}},"line":179}},"branchMap":{},"s":{"0":2,"1":2,"2":1,"3":1,"4":1,"5":1,"6":2,"7":1,"8":1,"9":1,"10":1,"11":1,"12":1,"13":1,"14":1,"15":1},"f":{"0":2,"1":2,"2":1,"3":1,"4":1,"5":1,"6":2,"7":1,"8":1,"9":1,"10":1,"11":1,"12":1,"13":1,"14":1,"15":1},"b":{},"_coverageSchema":"1a1c01bbd47fc00a2c39e90264f33305004495a9","hash":"c4f78e8510e6bcbfd1ddb3951c85e1c2bd55f94f"}
,"/Users/dorianthompson2/CISC275/task-9-components-dorianthompson/src/objects.ts": {"path":"/Users/dorianthompson2/CISC275/task-9-components-dorianthompson/src/objects.ts","statementMap":{"0":{"start":{"line":13,"column":4},"end":{"line":22,"column":6}},"1":{"start":{"line":33,"column":4},"end":{"line":35,"column":6}},"2":{"start":{"line":45,"column":4},"end":{"line":51,"column":5}},"3":{"start":{"line":46,"column":8},"end":{"line":50,"column":10}},"4":{"start":{"line":48,"column":36},"end":{"line":48,"column":53}},"5":{"start":{"line":52,"column":4},"end":{"line":52,"column":16}},"6":{"start":{"line":62,"column":4},"end":{"line":62,"column":59}},"7":{"start":{"line":83,"column":42},"end":{"line":83,"column":50}},"8":{"start":{"line":85,"column":28},"end":{"line":85,"column":48}},"9":{"start":{"line":87,"column":24},"end":{"line":87,"column":78}},"10":{"start":{"line":87,"column":64},"end":{"line":87,"column":77}},"11":{"start":{"line":88,"column":4},"end":{"line":90,"column":5}},"12":{"start":{"line":89,"column":8},"end":{"line":89,"column":59}},"13":{"start":{"line":92,"column":4},"end":{"line":92,"column":29}},"14":{"start":{"line":99,"column":4},"end":{"line":99,"column":42}},"15":{"start":{"line":108,"column":26},"end":{"line":108,"column":34}},"16":{"start":{"line":109,"column":4},"end":{"line":109,"column":50}},"17":{"start":{"line":119,"column":21},"end":{"line":119,"column":32}},"18":{"start":{"line":120,"column":4},"end":{"line":120,"column":77}},"19":{"start":{"line":131,"column":24},"end":{"line":131,"column":32}},"20":{"start":{"line":132,"column":4},"end":{"line":132,"column":61}},"21":{"start":{"line":149,"column":4},"end":{"line":149,"column":70}}},"fnMap":{"0":{"name":"makeBlankQuestion","decl":{"start":{"line":8,"column":16},"end":{"line":8,"column":33}},"loc":{"start":{"line":12,"column":12},"end":{"line":23,"column":1}},"line":12},"1":{"name":"isCorrect","decl":{"start":{"line":32,"column":16},"end":{"line":32,"column":25}},"loc":{"start":{"line":32,"column":71},"end":{"line":36,"column":1}},"line":32},"2":{"name":"isValid","decl":{"start":{"line":44,"column":16},"end":{"line":44,"column":23}},"loc":{"start":{"line":44,"column":69},"end":{"line":53,"column":1}},"line":44},"3":{"name":"(anonymous_3)","decl":{"start":{"line":48,"column":16},"end":{"line":48,"column":17}},"loc":{"start":{"line":48,"column":36},"end":{"line":48,"column":53}},"line":48},"4":{"name":"toShortForm","decl":{"start":{"line":61,"column":16},"end":{"line":61,"column":27}},"loc":{"start":{"line":61,"column":56},"end":{"line":63,"column":1}},"line":61},"5":{"name":"toMarkdown","decl":{"start":{"line":82,"column":16},"end":{"line":82,"column":26}},"loc":{"start":{"line":82,"column":55},"end":{"line":93,"column":1}},"line":82},"6":{"name":"(anonymous_6)","decl":{"start":{"line":87,"column":36},"end":{"line":87,"column":37}},"loc":{"start":{"line":87,"column":64},"end":{"line":87,"column":77}},"line":87},"7":{"name":"renameQuestion","decl":{"start":{"line":98,"column":16},"end":{"line":98,"column":30}},"loc":{"start":{"line":98,"column":78},"end":{"line":100,"column":1}},"line":98},"8":{"name":"publishQuestion","decl":{"start":{"line":107,"column":16},"end":{"line":107,"column":31}},"loc":{"start":{"line":107,"column":62},"end":{"line":110,"column":1}},"line":107},"9":{"name":"duplicateQuestion","decl":{"start":{"line":118,"column":16},"end":{"line":118,"column":33}},"loc":{"start":{"line":118,"column":79},"end":{"line":121,"column":1}},"line":118},"10":{"name":"addOption","decl":{"start":{"line":130,"column":16},"end":{"line":130,"column":25}},"loc":{"start":{"line":130,"column":75},"end":{"line":133,"column":1}},"line":130},"11":{"name":"mergeQuestion","decl":{"start":{"line":143,"column":16},"end":{"line":143,"column":29}},"loc":{"start":{"line":148,"column":12},"end":{"line":150,"column":1}},"line":148}},"branchMap":{"0":{"loc":{"start":{"line":45,"column":4},"end":{"line":51,"column":5}},"type":"if","locations":[{"start":{"line":45,"column":4},"end":{"line":51,"column":5}},{"start":{},"end":{}}],"line":45},"1":{"loc":{"start":{"line":88,"column":4},"end":{"line":90,"column":5}},"type":"if","locations":[{"start":{"line":88,"column":4},"end":{"line":90,"column":5}},{"start":{},"end":{}}],"line":88}},"s":{"0":3,"1":14,"2":18,"3":10,"4":24,"5":8,"6":5,"7":4,"8":4,"9":4,"10":6,"11":4,"12":2,"13":4,"14":2,"15":4,"16":4,"17":2,"18":2,"19":2,"20":2,"21":2},"f":{"0":3,"1":14,"2":18,"3":24,"4":5,"5":4,"6":6,"7":2,"8":4,"9":2,"10":2,"11":2},"b":{"0":[10,8],"1":[2,2]},"_coverageSchema":"1a1c01bbd47fc00a2c39e90264f33305004495a9","hash":"34496b6f6e7d5d09cbb4437f816231be7fa3bdba"}
,"/Users/dorianthompson2/CISC275/task-9-components-dorianthompson/src/bad-components/ChooseTeam.tsx": {"path":"/Users/dorianthompson2/CISC275/task-9-components-dorianthompson/src/bad-components/ChooseTeam.tsx","statementMap":{"0":{"start":{"line":4,"column":15},"end":{"line":11,"column":1}},"1":{"start":{"line":14,"column":25},"end":{"line":14,"column":51}},"2":{"start":{"line":15,"column":28},"end":{"line":15,"column":50}},"3":{"start":{"line":18,"column":8},"end":{"line":20,"column":9}},"4":{"start":{"line":19,"column":12},"end":{"line":19,"column":42}},"5":{"start":{"line":24,"column":8},"end":{"line":24,"column":20}},"6":{"start":{"line":27,"column":4},"end":{"line":55,"column":6}},"7":{"start":{"line":33,"column":24},"end":{"line":43,"column":30}},"8":{"start":{"line":37,"column":36},"end":{"line":37,"column":57}},"9":{"start":{"line":49,"column":24},"end":{"line":49,"column":54}}},"fnMap":{"0":{"name":"ChooseTeam","decl":{"start":{"line":13,"column":16},"end":{"line":13,"column":26}},"loc":{"start":{"line":13,"column":48},"end":{"line":56,"column":1}},"line":13},"1":{"name":"chooseMember","decl":{"start":{"line":17,"column":13},"end":{"line":17,"column":25}},"loc":{"start":{"line":17,"column":45},"end":{"line":21,"column":5}},"line":17},"2":{"name":"clearTeam","decl":{"start":{"line":23,"column":13},"end":{"line":23,"column":22}},"loc":{"start":{"line":23,"column":25},"end":{"line":25,"column":5}},"line":23},"3":{"name":"(anonymous_3)","decl":{"start":{"line":32,"column":36},"end":{"line":32,"column":37}},"loc":{"start":{"line":33,"column":24},"end":{"line":43,"column":30}},"line":33},"4":{"name":"(anonymous_4)","decl":{"start":{"line":36,"column":41},"end":{"line":36,"column":42}},"loc":{"start":{"line":36,"column":47},"end":{"line":38,"column":33}},"line":36},"5":{"name":"(anonymous_5)","decl":{"start":{"line":48,"column":30},"end":{"line":48,"column":31}},"loc":{"start":{"line":49,"column":24},"end":{"line":49,"column":54}},"line":49}},"branchMap":{"0":{"loc":{"start":{"line":18,"column":8},"end":{"line":20,"column":9}},"type":"if","locations":[{"start":{"line":18,"column":8},"end":{"line":20,"column":9}},{"start":{},"end":{}}],"line":18}},"s":{"0":2,"1":17,"2":17,"3":9,"4":9,"5":1,"6":17,"7":102,"8":9,"9":15},"f":{"0":17,"1":9,"2":1,"3":102,"4":9,"5":15},"b":{"0":[9,0]},"_coverageSchema":"1a1c01bbd47fc00a2c39e90264f33305004495a9","hash":"560dd3002120ae2cf928cff41152ccb32edfc5f7"}
,"/Users/dorianthompson2/CISC275/task-9-components-dorianthompson/src/bad-components/ColoredBox.tsx": {"path":"/Users/dorianthompson2/CISC275/task-9-components-dorianthompson/src/bad-components/ColoredBox.tsx","statementMap":{"0":{"start":{"line":4,"column":22},"end":{"line":4,"column":46}},"1":{"start":{"line":5,"column":28},"end":{"line":5,"column":29}},"2":{"start":{"line":16,"column":4},"end":{"line":24,"column":6}},"3":{"start":{"line":19,"column":16},"end":{"line":19,"column":30}},"4":{"start":{"line":28,"column":4},"end":{"line":40,"column":6}},"5":{"start":{"line":44,"column":40},"end":{"line":44,"column":77}},"6":{"start":{"line":45,"column":24},"end":{"line":47,"column":5}},"7":{"start":{"line":46,"column":8},"end":{"line":46,"column":56}},"8":{"start":{"line":48,"column":4},"end":{"line":57,"column":6}}},"fnMap":{"0":{"name":"ChangeColor","decl":{"start":{"line":15,"column":9},"end":{"line":15,"column":20}},"loc":{"start":{"line":15,"column":75},"end":{"line":25,"column":1}},"line":15},"1":{"name":"(anonymous_1)","decl":{"start":{"line":18,"column":21},"end":{"line":18,"column":22}},"loc":{"start":{"line":18,"column":27},"end":{"line":20,"column":13}},"line":18},"2":{"name":"ColorPreview","decl":{"start":{"line":27,"column":9},"end":{"line":27,"column":21}},"loc":{"start":{"line":27,"column":76},"end":{"line":41,"column":1}},"line":27},"3":{"name":"ColoredBox","decl":{"start":{"line":43,"column":16},"end":{"line":43,"column":26}},"loc":{"start":{"line":43,"column":48},"end":{"line":58,"column":1}},"line":43},"4":{"name":"(anonymous_4)","decl":{"start":{"line":45,"column":24},"end":{"line":45,"column":25}},"loc":{"start":{"line":45,"column":30},"end":{"line":47,"column":5}},"line":45}},"branchMap":{},"s":{"0":2,"1":2,"2":7,"3":3,"4":7,"5":7,"6":7,"7":3,"8":7},"f":{"0":7,"1":3,"2":7,"3":7,"4":3},"b":{},"_coverageSchema":"1a1c01bbd47fc00a2c39e90264f33305004495a9","hash":"e3242d359f3f5d7132aee1b260c6f99b2212ec65"}
,"/Users/dorianthompson2/CISC275/task-9-components-dorianthompson/src/bad-components/DoubleHalf.tsx": {"path":"/Users/dorianthompson2/CISC275/task-9-components-dorianthompson/src/bad-components/DoubleHalf.tsx","statementMap":{"0":{"start":{"line":13,"column":4},"end":{"line":13,"column":57}},"1":{"start":{"line":17,"column":4},"end":{"line":17,"column":55}},"2":{"start":{"line":21,"column":34},"end":{"line":21,"column":54}},"3":{"start":{"line":22,"column":24},"end":{"line":24,"column":5}},"4":{"start":{"line":23,"column":8},"end":{"line":23,"column":32}},"5":{"start":{"line":25,"column":23},"end":{"line":27,"column":5}},"6":{"start":{"line":26,"column":8},"end":{"line":26,"column":34}},"7":{"start":{"line":28,"column":4},"end":{"line":37,"column":6}}},"fnMap":{"0":{"name":"Doubler","decl":{"start":{"line":12,"column":9},"end":{"line":12,"column":16}},"loc":{"start":{"line":12,"column":66},"end":{"line":14,"column":1}},"line":12},"1":{"name":"Halver","decl":{"start":{"line":16,"column":9},"end":{"line":16,"column":15}},"loc":{"start":{"line":16,"column":63},"end":{"line":18,"column":1}},"line":16},"2":{"name":"DoubleHalf","decl":{"start":{"line":20,"column":16},"end":{"line":20,"column":26}},"loc":{"start":{"line":20,"column":48},"end":{"line":38,"column":1}},"line":20},"3":{"name":"(anonymous_3)","decl":{"start":{"line":22,"column":24},"end":{"line":22,"column":25}},"loc":{"start":{"line":22,"column":30},"end":{"line":24,"column":5}},"line":22},"4":{"name":"(anonymous_4)","decl":{"start":{"line":25,"column":23},"end":{"line":25,"column":24}},"loc":{"start":{"line":25,"column":29},"end":{"line":27,"column":5}},"line":25}},"branchMap":{},"s":{"0":14,"1":14,"2":14,"3":14,"4":3,"5":14,"6":5,"7":14},"f":{"0":14,"1":14,"2":14,"3":3,"4":5},"b":{},"_coverageSchema":"1a1c01bbd47fc00a2c39e90264f33305004495a9","hash":"e4ca089c83c7998a12b46967815f6b1e04acf42c"}
,"/Users/dorianthompson2/CISC275/task-9-components-dorianthompson/src/bad-components/DoubleHalfState.tsx": {"path":"/Users/dorianthompson2/CISC275/task-9-components-dorianthompson/src/bad-components/DoubleHalfState.tsx","statementMap":{},"fnMap":{},"branchMap":{},"s":{},"f":{},"b":{}}
,"/Users/dorianthompson2/CISC275/task-9-components-dorianthompson/src/bad-components/ShoveBox.tsx": {"path":"/Users/dorianthompson2/CISC275/task-9-components-dorianthompson/src/bad-components/ShoveBox.tsx","statementMap":{"0":{"start":{"line":11,"column":4},"end":{"line":19,"column":6}},"1":{"start":{"line":14,"column":16},"end":{"line":14,"column":42}},"2":{"start":{"line":23,"column":36},"end":{"line":23,"column":56}},"3":{"start":{"line":24,"column":4},"end":{"line":37,"column":6}},"4":{"start":{"line":41,"column":16},"end":{"line":41,"column":29}},"5":{"start":{"line":43,"column":4},"end":{"line":55,"column":6}}},"fnMap":{"0":{"name":"ShoveBoxButton","decl":{"start":{"line":4,"column":9},"end":{"line":4,"column":23}},"loc":{"start":{"line":10,"column":3},"end":{"line":20,"column":1}},"line":10},"1":{"name":"(anonymous_1)","decl":{"start":{"line":13,"column":21},"end":{"line":13,"column":22}},"loc":{"start":{"line":13,"column":27},"end":{"line":15,"column":13}},"line":13},"2":{"name":"MoveableBox","decl":{"start":{"line":22,"column":9},"end":{"line":22,"column":20}},"loc":{"start":{"line":22,"column":42},"end":{"line":38,"column":1}},"line":22},"3":{"name":"ShoveBox","decl":{"start":{"line":40,"column":16},"end":{"line":40,"column":24}},"loc":{"start":{"line":40,"column":46},"end":{"line":56,"column":1}},"line":40}},"branchMap":{},"s":{"0":0,"1":0,"2":4,"3":4,"4":4,"5":4},"f":{"0":0,"1":0,"2":4,"3":4},"b":{},"_coverageSchema":"1a1c01bbd47fc00a2c39e90264f33305004495a9","hash":"1fbdafdb4b544e325ae796d2f7f4c81d50fa0491"}
,"/Users/dorianthompson2/CISC275/task-9-components-dorianthompson/src/components/ChangeType.tsx": {"path":"/Users/dorianthompson2/CISC275/task-9-components-dorianthompson/src/components/ChangeType.tsx","statementMap":{"0":{"start":{"line":6,"column":30},"end":{"line":6,"column":77}},"1":{"start":{"line":7,"column":24},"end":{"line":13,"column":5}},"2":{"start":{"line":8,"column":8},"end":{"line":12,"column":9}},"3":{"start":{"line":9,"column":12},"end":{"line":9,"column":46}},"4":{"start":{"line":11,"column":12},"end":{"line":11,"column":49}},"5":{"start":{"line":14,"column":4},"end":{"line":23,"column":6}}},"fnMap":{"0":{"name":"ChangeType","decl":{"start":{"line":5,"column":16},"end":{"line":5,"column":26}},"loc":{"start":{"line":5,"column":48},"end":{"line":24,"column":1}},"line":5},"1":{"name":"(anonymous_1)","decl":{"start":{"line":7,"column":24},"end":{"line":7,"column":25}},"loc":{"start":{"line":7,"column":30},"end":{"line":13,"column":5}},"line":7}},"branchMap":{"0":{"loc":{"start":{"line":8,"column":8},"end":{"line":12,"column":9}},"type":"if","locations":[{"start":{"line":8,"column":8},"end":{"line":12,"column":9}},{"start":{"line":10,"column":15},"end":{"line":12,"column":9}}],"line":8},"1":{"loc":{"start":{"line":19,"column":13},"end":{"line":21,"column":32}},"type":"cond-expr","locations":[{"start":{"line":20,"column":18},"end":{"line":20,"column":35}},{"start":{"line":21,"column":18},"end":{"line":21,"column":32}}],"line":19}},"s":{"0":9,"1":9,"2":3,"3":1,"4":2,"5":9},"f":{"0":9,"1":3},"b":{"0":[1,2],"1":[2,7]},"_coverageSchema":"1a1c01bbd47fc00a2c39e90264f33305004495a9","hash":"8c9564d7e058aacf72f5f3e3f2af90654ae5bce5"}
,"/Users/dorianthompson2/CISC275/task-9-components-dorianthompson/src/components/Counter.tsx": {"path":"/Users/dorianthompson2/CISC275/task-9-components-dorianthompson/src/components/Counter.tsx","statementMap":{"0":{"start":{"line":5,"column":30},"end":{"line":5,"column":49}},"1":{"start":{"line":6,"column":4},"end":{"line":11,"column":6}},"2":{"start":{"line":8,"column":35},"end":{"line":8,"column":54}}},"fnMap":{"0":{"name":"Counter","decl":{"start":{"line":4,"column":16},"end":{"line":4,"column":23}},"loc":{"start":{"line":4,"column":45},"end":{"line":12,"column":1}},"line":4},"1":{"name":"(anonymous_1)","decl":{"start":{"line":8,"column":29},"end":{"line":8,"column":30}},"loc":{"start":{"line":8,"column":35},"end":{"line":8,"column":54}},"line":8}},"branchMap":{},"s":{"0":9,"1":9,"2":3},"f":{"0":9,"1":3},"b":{},"_coverageSchema":"1a1c01bbd47fc00a2c39e90264f33305004495a9","hash":"461d0ae4038802358367809976cab174bc2b5745"}
,"/Users/dorianthompson2/CISC275/task-9-components-dorianthompson/src/components/CycleHoliday.tsx": {"path":"/Users/dorianthompson2/CISC275/task-9-components-dorianthompson/src/components/CycleHoliday.tsx","statementMap":{"0":{"start":{"line":5,"column":45},"end":{"line":11,"column":1}},"1":{"start":{"line":13,"column":46},"end":{"line":19,"column":1}},"2":{"start":{"line":21,"column":45},"end":{"line":27,"column":1}},"3":{"start":{"line":30,"column":34},"end":{"line":30,"column":62}},"4":{"start":{"line":31,"column":4},"end":{"line":49,"column":6}},"5":{"start":{"line":36,"column":20},"end":{"line":36,"column":54}},"6":{"start":{"line":43,"column":20},"end":{"line":43,"column":55}}},"fnMap":{"0":{"name":"CycleHoliday","decl":{"start":{"line":29,"column":16},"end":{"line":29,"column":28}},"loc":{"start":{"line":29,"column":50},"end":{"line":50,"column":1}},"line":29},"1":{"name":"(anonymous_1)","decl":{"start":{"line":35,"column":25},"end":{"line":35,"column":26}},"loc":{"start":{"line":35,"column":31},"end":{"line":37,"column":17}},"line":35},"2":{"name":"(anonymous_2)","decl":{"start":{"line":42,"column":25},"end":{"line":42,"column":26}},"loc":{"start":{"line":42,"column":31},"end":{"line":44,"column":17}},"line":42}},"branchMap":{},"s":{"0":2,"1":2,"2":2,"3":17,"4":17,"5":6,"6":6},"f":{"0":17,"1":6,"2":6},"b":{},"_coverageSchema":"1a1c01bbd47fc00a2c39e90264f33305004495a9","hash":"49511bd8961eb7f7557c759b2f5f46aa38f8e188"}
,"/Users/dorianthompson2/CISC275/task-9-components-dorianthompson/src/components/RevealAnswer.tsx": {"path":"/Users/dorianthompson2/CISC275/task-9-components-dorianthompson/src/components/RevealAnswer.tsx","statementMap":{"0":{"start":{"line":5,"column":38},"end":{"line":5,"column":62}},"1":{"start":{"line":6,"column":24},"end":{"line":8,"column":5}},"2":{"start":{"line":7,"column":8},"end":{"line":7,"column":33}},"3":{"start":{"line":9,"column":4},"end":{"line":14,"column":6}}},"fnMap":{"0":{"name":"RevealAnswer","decl":{"start":{"line":4,"column":16},"end":{"line":4,"column":28}},"loc":{"start":{"line":4,"column":50},"end":{"line":15,"column":1}},"line":4},"1":{"name":"(anonymous_1)","decl":{"start":{"line":6,"column":24},"end":{"line":6,"column":25}},"loc":{"start":{"line":6,"column":30},"end":{"line":8,"column":5}},"line":6}},"branchMap":{"0":{"loc":{"start":{"line":12,"column":13},"end":{"line":12,"column":28}},"type":"binary-expr","locations":[{"start":{"line":12,"column":13},"end":{"line":12,"column":22}},{"start":{"line":12,"column":26},"end":{"line":12,"column":28}}],"line":12}},"s":{"0":8,"1":8,"2":3,"3":8},"f":{"0":8,"1":3},"b":{"0":[8,2]},"_coverageSchema":"1a1c01bbd47fc00a2c39e90264f33305004495a9","hash":"622894382a76fed0e4e6d635f6ca11d3fdf1d87a"}
,"/Users/dorianthompson2/CISC275/task-9-components-dorianthompson/src/components/StartAttempt.tsx": {"path":"/Users/dorianthompson2/CISC275/task-9-components-dorianthompson/src/components/StartAttempt.tsx","statementMap":{"0":{"start":{"line":5,"column":36},"end":{"line":5,"column":55}},"1":{"start":{"line":6,"column":40},"end":{"line":6,"column":64}},"2":{"start":{"line":7,"column":28},"end":{"line":10,"column":5}},"3":{"start":{"line":8,"column":8},"end":{"line":8,"column":28}},"4":{"start":{"line":9,"column":8},"end":{"line":9,"column":34}},"5":{"start":{"line":11,"column":27},"end":{"line":13,"column":5}},"6":{"start":{"line":12,"column":8},"end":{"line":12,"column":29}},"7":{"start":{"line":14,"column":27},"end":{"line":16,"column":5}},"8":{"start":{"line":15,"column":8},"end":{"line":15,"column":34}},"9":{"start":{"line":18,"column":4},"end":{"line":49,"column":6}}},"fnMap":{"0":{"name":"StartAttempt","decl":{"start":{"line":4,"column":16},"end":{"line":4,"column":28}},"loc":{"start":{"line":4,"column":50},"end":{"line":50,"column":1}},"line":4},"1":{"name":"(anonymous_1)","decl":{"start":{"line":7,"column":28},"end":{"line":7,"column":29}},"loc":{"start":{"line":7,"column":34},"end":{"line":10,"column":5}},"line":7},"2":{"name":"(anonymous_2)","decl":{"start":{"line":11,"column":27},"end":{"line":11,"column":28}},"loc":{"start":{"line":11,"column":33},"end":{"line":13,"column":5}},"line":11},"3":{"name":"(anonymous_3)","decl":{"start":{"line":14,"column":27},"end":{"line":14,"column":28}},"loc":{"start":{"line":14,"column":33},"end":{"line":16,"column":5}},"line":14}},"branchMap":{"0":{"loc":{"start":{"line":24,"column":26},"end":{"line":24,"column":63}},"type":"binary-expr","locations":[{"start":{"line":24,"column":26},"end":{"line":24,"column":45}},{"start":{"line":24,"column":49},"end":{"line":24,"column":63}}],"line":24}},"s":{"0":65,"1":65,"2":65,"3":16,"4":16,"5":65,"6":12,"7":65,"8":10,"9":65},"f":{"0":65,"1":16,"2":12,"3":10},"b":{"0":[65,49]},"_coverageSchema":"1a1c01bbd47fc00a2c39e90264f33305004495a9","hash":"50f62fab8dd2d11b9bbecb87304e7b231a0fbb9c"}
,"/Users/dorianthompson2/CISC275/task-9-components-dorianthompson/src/components/TwoDice.tsx": {"path":"/Users/dorianthompson2/CISC275/task-9-components-dorianthompson/src/components/TwoDice.tsx","statementMap":{"0":{"start":{"line":11,"column":4},"end":{"line":11,"column":45}},"1":{"start":{"line":15,"column":34},"end":{"line":15,"column":53}},"2":{"start":{"line":16,"column":34},"end":{"line":16,"column":53}},"3":{"start":{"line":17,"column":30},"end":{"line":19,"column":5}},"4":{"start":{"line":18,"column":8},"end":{"line":18,"column":25}},"5":{"start":{"line":20,"column":30},"end":{"line":22,"column":5}},"6":{"start":{"line":21,"column":8},"end":{"line":21,"column":25}},"7":{"start":{"line":23,"column":4},"end":{"line":36,"column":6}}},"fnMap":{"0":{"name":"d6","decl":{"start":{"line":10,"column":16},"end":{"line":10,"column":18}},"loc":{"start":{"line":10,"column":29},"end":{"line":12,"column":1}},"line":10},"1":{"name":"TwoDice","decl":{"start":{"line":14,"column":16},"end":{"line":14,"column":23}},"loc":{"start":{"line":14,"column":45},"end":{"line":37,"column":1}},"line":14},"2":{"name":"(anonymous_2)","decl":{"start":{"line":17,"column":30},"end":{"line":17,"column":31}},"loc":{"start":{"line":17,"column":36},"end":{"line":19,"column":5}},"line":17},"3":{"name":"(anonymous_3)","decl":{"start":{"line":20,"column":30},"end":{"line":20,"column":31}},"loc":{"start":{"line":20,"column":36},"end":{"line":22,"column":5}},"line":20}},"branchMap":{"0":{"loc":{"start":{"line":33,"column":13},"end":{"line":33,"column":59}},"type":"binary-expr","locations":[{"start":{"line":33,"column":13},"end":{"line":33,"column":32}},{"start":{"line":33,"column":36},"end":{"line":33,"column":49}},{"start":{"line":33,"column":53},"end":{"line":33,"column":59}}],"line":33},"1":{"loc":{"start":{"line":34,"column":13},"end":{"line":34,"column":58}},"type":"binary-expr","locations":[{"start":{"line":34,"column":13},"end":{"line":34,"column":32}},{"start":{"line":34,"column":36},"end":{"line":34,"column":49}},{"start":{"line":34,"column":53},"end":{"line":34,"column":58}}],"line":34}},"s":{"0":17,"1":26,"2":26,"3":26,"4":8,"5":26,"6":9,"7":26},"f":{"0":17,"1":26,"2":8,"3":9},"b":{"0":[26,4,1],"1":[26,4,3]},"_coverageSchema":"1a1c01bbd47fc00a2c39e90264f33305004495a9","hash":"b2409d9e1243f72f6de2ccfd33a66d67114ab0f2"}
,"/Users/dorianthompson2/CISC275/task-9-components-dorianthompson/src/interfaces/answer.ts": {"path":"/Users/dorianthompson2/CISC275/task-9-components-dorianthompson/src/interfaces/answer.ts","statementMap":{},"fnMap":{},"branchMap":{},"s":{},"f":{},"b":{}}
,"/Users/dorianthompson2/CISC275/task-9-components-dorianthompson/src/interfaces/question.ts": {"path":"/Users/dorianthompson2/CISC275/task-9-components-dorianthompson/src/interfaces/question.ts","statementMap":{},"fnMap":{},"branchMap":{},"s":{},"f":{},"b":{}}
}
