TN:
SF:src/App.tsx
FN:14,App
FNF:1
FNH:1
FNDA:1,App
DA:15,1
LF:1
LH:1
BRF:0
BRH:0
end_of_record
TN:
SF:src/nested.ts
FN:8,getPublishedQuestions
FN:17,getNonEmptyQuestions
FN:25,findQuestion
FN:36,removeQuestion
FN:44,getNames
FN:51,sumPoints
FN:58,sumPublishedPoints
FN:79,toCSV
FN:88,makeAnswers
FN:96,publishAll
FN:104,sameType
FN:113,addNewQuestion
FN:127,renameQuestionById
FN:142,changeQuestionTypeById
FN:160,editOption
FN:175,duplicateQuestionInArray
FNF:16
FNH:16
FNDA:2,getPublishedQuestions
FNDA:2,getNonEmptyQuestions
FNDA:1,findQuestion
FNDA:1,removeQuestion
FNDA:1,getNames
FNDA:1,sumPoints
FNDA:2,sumPublishedPoints
FNDA:1,toCSV
FNDA:1,makeAnswers
FNDA:1,publishAll
FNDA:1,sameType
FNDA:1,addNewQuestion
FNDA:1,renameQuestionById
FNDA:1,changeQuestionTypeById
FNDA:1,editOption
FNDA:1,duplicateQuestionInArray
DA:9,2
DA:18,2
DA:29,1
DA:37,1
DA:45,1
DA:52,1
DA:59,2
DA:80,1
DA:89,1
DA:97,1
DA:105,1
DA:119,1
DA:132,1
DA:147,1
DA:166,1
DA:180,1
LF:16
LH:16
BRF:0
BRH:0
end_of_record
TN:
SF:src/objects.ts
FN:8,makeBlankQuestion
FN:32,isCorrect
FN:44,isValid
FN:48,(anonymous_3)
FN:61,toShortForm
FN:82,toMarkdown
FN:87,(anonymous_6)
FN:98,renameQuestion
FN:107,publishQuestion
FN:118,duplicateQuestion
FN:130,addOption
FN:143,mergeQuestion
FNF:12
FNH:12
FNDA:3,makeBlankQuestion
FNDA:14,isCorrect
FNDA:18,isValid
FNDA:24,(anonymous_3)
FNDA:5,toShortForm
FNDA:4,toMarkdown
FNDA:6,(anonymous_6)
FNDA:2,renameQuestion
FNDA:4,publishQuestion
FNDA:2,duplicateQuestion
FNDA:2,addOption
FNDA:2,mergeQuestion
DA:13,3
DA:33,14
DA:45,18
DA:46,10
DA:48,24
DA:52,8
DA:62,5
DA:83,4
DA:85,4
DA:87,6
DA:88,4
DA:89,2
DA:92,4
DA:99,2
DA:108,4
DA:109,4
DA:119,2
DA:120,2
DA:131,2
DA:132,2
DA:149,2
LF:21
LH:21
BRDA:45,0,0,10
BRDA:45,0,1,8
BRDA:88,1,0,2
BRDA:88,1,1,2
BRF:4
BRH:4
end_of_record
TN:
SF:src/bad-components/ChooseTeam.tsx
FN:13,ChooseTeam
FN:17,chooseMember
FN:23,clearTeam
FN:32,(anonymous_3)
FN:36,(anonymous_4)
FN:48,(anonymous_5)
FNF:6
FNH:6
FNDA:17,ChooseTeam
FNDA:9,chooseMember
FNDA:1,clearTeam
FNDA:102,(anonymous_3)
FNDA:9,(anonymous_4)
FNDA:15,(anonymous_5)
DA:4,2
DA:14,17
DA:15,17
DA:18,9
DA:19,9
DA:24,1
DA:27,17
DA:33,102
DA:37,9
DA:49,15
LF:10
LH:10
BRDA:18,0,0,9
BRDA:18,0,1,0
BRF:2
BRH:1
end_of_record
TN:
SF:src/bad-components/ColoredBox.tsx
FN:7,ChangeColor
FN:11,(anonymous_1)
FN:20,ColorPreview
FN:36,ColoredBox
FNF:4
FNH:4
FNDA:5,ChangeColor
FNDA:1,(anonymous_1)
FNDA:4,ColorPreview
FNDA:4,ColoredBox
DA:4,2
DA:5,2
DA:8,5
DA:9,5
DA:12,1
DA:21,4
DA:37,4
LF:7
LH:7
BRF:0
BRH:0
end_of_record
TN:
SF:src/bad-components/DoubleHalf.tsx
FN:12,Doubler
FN:16,Halver
FN:20,DoubleHalf
FN:22,(anonymous_3)
FN:25,(anonymous_4)
FNF:5
FNH:5
FNDA:14,Doubler
FNDA:14,Halver
FNDA:14,DoubleHalf
FNDA:3,(anonymous_3)
FNDA:5,(anonymous_4)
DA:13,14
DA:17,14
DA:21,14
DA:22,14
DA:23,3
DA:25,14
DA:26,5
DA:28,14
LF:8
LH:8
BRF:0
BRH:0
end_of_record
TN:
SF:src/bad-components/DoubleHalfState.tsx
FNF:0
FNH:0
LF:0
LH:0
BRF:0
BRH:0
end_of_record
TN:
SF:src/bad-components/ShoveBox.tsx
FN:4,ShoveBoxButton
FN:13,(anonymous_1)
FN:22,MoveableBox
FN:40,ShoveBox
FNF:4
FNH:2
FNDA:0,ShoveBoxButton
FNDA:0,(anonymous_1)
FNDA:4,MoveableBox
FNDA:4,ShoveBox
DA:11,0
DA:14,0
DA:23,4
DA:24,4
DA:41,4
DA:43,4
LF:6
LH:4
BRF:0
BRH:0
end_of_record
TN:
SF:src/components/ChangeType.tsx
FN:5,ChangeType
FN:7,(anonymous_1)
FNF:2
FNH:2
FNDA:9,ChangeType
FNDA:3,(anonymous_1)
DA:6,9
DA:7,9
DA:8,3
DA:9,1
DA:11,2
DA:14,9
LF:6
LH:6
BRDA:8,0,0,1
BRDA:8,0,1,2
BRDA:19,1,0,2
BRDA:19,1,1,7
BRF:4
BRH:4
end_of_record
TN:
SF:src/components/Counter.tsx
FN:4,Counter
FN:8,(anonymous_1)
FNF:2
FNH:2
FNDA:9,Counter
FNDA:3,(anonymous_1)
DA:5,9
DA:6,9
DA:8,3
LF:3
LH:3
BRF:0
BRH:0
end_of_record
TN:
SF:src/components/CycleHoliday.tsx
FN:29,CycleHoliday
FN:35,(anonymous_1)
FN:42,(anonymous_2)
FNF:3
FNH:3
FNDA:17,CycleHoliday
FNDA:6,(anonymous_1)
FNDA:6,(anonymous_2)
DA:5,2
DA:13,2
DA:21,2
DA:30,17
DA:31,17
DA:36,6
DA:43,6
LF:7
LH:7
BRF:0
BRH:0
end_of_record
TN:
SF:src/components/RevealAnswer.tsx
FN:4,RevealAnswer
FN:6,(anonymous_1)
FNF:2
FNH:2
FNDA:8,RevealAnswer
FNDA:3,(anonymous_1)
DA:5,8
DA:6,8
DA:7,3
DA:9,8
LF:4
LH:4
BRDA:12,0,0,8
BRDA:12,0,1,2
BRF:2
BRH:2
end_of_record
TN:
SF:src/components/StartAttempt.tsx
FN:4,StartAttempt
FN:7,(anonymous_1)
FN:11,(anonymous_2)
FN:14,(anonymous_3)
FNF:4
FNH:4
FNDA:65,StartAttempt
FNDA:16,(anonymous_1)
FNDA:12,(anonymous_2)
FNDA:10,(anonymous_3)
DA:5,65
DA:6,65
DA:7,65
DA:8,16
DA:9,16
DA:11,65
DA:12,12
DA:14,65
DA:15,10
DA:18,65
LF:10
LH:10
BRDA:24,0,0,65
BRDA:24,0,1,49
BRF:2
BRH:2
end_of_record
TN:
SF:src/components/TwoDice.tsx
FN:10,d6
FN:14,TwoDice
FN:17,(anonymous_2)
FN:20,(anonymous_3)
FNF:4
FNH:4
FNDA:17,d6
FNDA:26,TwoDice
FNDA:8,(anonymous_2)
FNDA:9,(anonymous_3)
DA:11,17
DA:15,26
DA:16,26
DA:17,26
DA:18,8
DA:20,26
DA:21,9
DA:23,26
LF:8
LH:8
BRDA:33,0,0,26
BRDA:33,0,1,4
BRDA:33,0,2,1
BRDA:34,1,0,26
BRDA:34,1,1,4
BRDA:34,1,2,3
BRF:6
BRH:6
end_of_record
TN:
SF:src/interfaces/answer.ts
FNF:0
FNH:0
LF:0
LH:0
BRF:0
BRH:0
end_of_record
TN:
SF:src/interfaces/question.ts
FNF:0
FNH:0
LF:0
LH:0
BRF:0
BRH:0
end_of_record
