TN:
SF:src/App.tsx
FN:14,App
FNF:1
FNH:1
FNDA:1,App
DA:15,1
LF:1
LH:1
BRF:0
BRH:0
end_of_record
TN:
SF:src/nested.ts
FN:9,getPublishedQuestions
FN:11,(anonymous_1)
FN:21,getNonEmptyQuestions
FN:22,(anonymous_3)
FN:27,(anonymous_4)
FN:45,findQuestion
FN:50,(anonymous_6)
FN:59,removeQuestion
FN:61,(anonymous_8)
FN:70,getNames
FN:71,(anonymous_10)
FN:78,sumPoints
FN:80,(anonymous_12)
FN:89,sumPublishedPoints
FN:113,CSV
FN:118,toCSV
FN:122,(anonymous_16)
FN:132,makeAnswers
FN:134,(anonymous_18)
FN:148,publishAll
FN:150,(anonymous_20)
FN:159,sameType
FN:162,(anonymous_22)
FN:173,addNewQuestion
FN:187,renameQuestionById
FN:194,(anonymous_25)
FN:209,changeQuestionTypeById
FN:215,(anonymous_27)
FN:238,editOption
FN:245,(anonymous_29)
FN:276,duplicateQuestionInArray
FN:282,(anonymous_31)
FNF:32
FNH:32
FNDA:10,getPublishedQuestions
FNDA:40,(anonymous_1)
FNDA:5,getNonEmptyQuestions
FNDA:20,(anonymous_3)
FNDA:20,(anonymous_4)
FNDA:11,findQuestion
FNDA:24,(anonymous_6)
FNDA:5,removeQuestion
FNDA:17,(anonymous_8)
FNDA:5,getNames
FNDA:20,(anonymous_10)
FNDA:10,sumPoints
FNDA:31,(anonymous_12)
FNDA:5,sumPublishedPoints
FNDA:20,CSV
FNDA:5,toCSV
FNDA:20,(anonymous_16)
FNDA:5,makeAnswers
FNDA:20,(anonymous_18)
FNDA:5,publishAll
FNDA:20,(anonymous_20)
FNDA:6,sameType
FNDA:17,(anonymous_22)
FNDA:3,addNewQuestion
FNDA:3,renameQuestionById
FNDA:6,(anonymous_25)
FNDA:4,changeQuestionTypeById
FNDA:7,(anonymous_27)
FNDA:5,editOption
FNDA:12,(anonymous_29)
FNDA:3,duplicateQuestionInArray
FNDA:6,(anonymous_31)
DA:10,10
DA:11,40
DA:13,10
DA:22,20
DA:26,5
DA:28,20
DA:36,5
DA:38,5
DA:49,11
DA:50,24
DA:52,11
DA:60,5
DA:61,17
DA:63,5
DA:71,20
DA:72,5
DA:79,10
DA:80,31
DA:83,10
DA:90,5
DA:92,5
DA:114,20
DA:116,20
DA:119,5
DA:121,5
DA:122,20
DA:124,5
DA:133,5
DA:134,20
DA:141,5
DA:149,5
DA:150,20
DA:152,5
DA:160,6
DA:161,6
DA:162,17
DA:165,6
DA:179,3
DA:192,3
DA:193,3
DA:194,6
DA:197,3
DA:199,3
DA:214,4
DA:215,7
DA:217,4
DA:218,4
DA:222,4
DA:223,3
DA:225,4
DA:244,5
DA:245,12
DA:248,5
DA:250,5
DA:251,3
DA:256,2
DA:260,2
DA:267,5
DA:281,3
DA:282,6
DA:284,3
DA:285,3
DA:286,3
DA:287,3
LF:64
LH:64
BRDA:29,0,0,20
BRDA:29,0,1,6
BRDA:29,0,2,4
BRDA:52,1,0,8
BRDA:52,1,1,3
BRDA:222,2,0,3
BRDA:222,2,1,1
BRDA:250,3,0,3
BRDA:250,3,1,2
BRF:9
BRH:9
end_of_record
TN:
SF:src/objects.ts
FN:8,makeBlankQuestion
FN:32,isCorrect
FN:44,isValid
FN:48,(anonymous_3)
FN:61,toShortForm
FN:82,toMarkdown
FN:87,(anonymous_6)
FN:98,renameQuestion
FN:107,publishQuestion
FN:118,duplicateQuestion
FN:130,addOption
FN:143,mergeQuestion
FNF:12
FNH:12
FNDA:6,makeBlankQuestion
FNDA:14,isCorrect
FNDA:18,isValid
FNDA:24,(anonymous_3)
FNDA:5,toShortForm
FNDA:4,toMarkdown
FNDA:6,(anonymous_6)
FNDA:2,renameQuestion
FNDA:4,publishQuestion
FNDA:5,duplicateQuestion
FNDA:2,addOption
FNDA:2,mergeQuestion
DA:13,6
DA:33,14
DA:45,18
DA:46,10
DA:48,24
DA:52,8
DA:62,5
DA:83,4
DA:85,4
DA:87,6
DA:88,4
DA:89,2
DA:92,4
DA:99,2
DA:108,4
DA:109,4
DA:119,5
DA:120,5
DA:131,2
DA:132,2
DA:149,2
LF:21
LH:21
BRDA:45,0,0,10
BRDA:45,0,1,8
BRDA:88,1,0,2
BRDA:88,1,1,2
BRF:4
BRH:4
end_of_record
TN:
SF:src/bad-components/ChooseTeam.tsx
FN:13,ChooseTeam
FN:17,chooseMember
FN:23,clearTeam
FN:32,(anonymous_3)
FN:36,(anonymous_4)
FN:48,(anonymous_5)
FNF:6
FNH:6
FNDA:17,ChooseTeam
FNDA:9,chooseMember
FNDA:1,clearTeam
FNDA:102,(anonymous_3)
FNDA:9,(anonymous_4)
FNDA:15,(anonymous_5)
DA:4,2
DA:14,17
DA:15,17
DA:18,9
DA:19,9
DA:24,1
DA:27,17
DA:33,102
DA:37,9
DA:49,15
LF:10
LH:10
BRDA:18,0,0,9
BRDA:18,0,1,0
BRF:2
BRH:1
end_of_record
TN:
SF:src/bad-components/ColoredBox.tsx
FN:15,ChangeColor
FN:18,(anonymous_1)
FN:27,ColorPreview
FN:43,ColoredBox
FN:45,(anonymous_4)
FNF:5
FNH:5
FNDA:7,ChangeColor
FNDA:3,(anonymous_1)
FNDA:7,ColorPreview
FNDA:7,ColoredBox
FNDA:3,(anonymous_4)
DA:4,2
DA:5,2
DA:16,7
DA:19,3
DA:28,7
DA:44,7
DA:45,7
DA:46,3
DA:48,7
LF:9
LH:9
BRF:0
BRH:0
end_of_record
TN:
SF:src/bad-components/DoubleHalf.tsx
FN:12,Doubler
FN:16,Halver
FN:20,DoubleHalf
FN:22,(anonymous_3)
FN:25,(anonymous_4)
FNF:5
FNH:5
FNDA:14,Doubler
FNDA:14,Halver
FNDA:14,DoubleHalf
FNDA:3,(anonymous_3)
FNDA:5,(anonymous_4)
DA:13,14
DA:17,14
DA:21,14
DA:22,14
DA:23,3
DA:25,14
DA:26,5
DA:28,14
LF:8
LH:8
BRF:0
BRH:0
end_of_record
TN:
SF:src/bad-components/DoubleHalfState.tsx
FNF:0
FNH:0
LF:0
LH:0
BRF:0
BRH:0
end_of_record
TN:
SF:src/bad-components/ShoveBox.tsx
FN:4,ShoveBoxButton
FN:13,(anonymous_1)
FN:22,MoveableBox
FN:39,ShoveBox
FNF:4
FNH:4
FNDA:7,ShoveBoxButton
FNDA:3,(anonymous_1)
FNDA:7,MoveableBox
FNDA:7,ShoveBox
DA:11,7
DA:14,3
DA:23,7
DA:40,7
DA:42,7
LF:5
LH:5
BRF:0
BRH:0
end_of_record
TN:
SF:src/components/ChangeType.tsx
FN:5,ChangeType
FN:7,(anonymous_1)
FNF:2
FNH:2
FNDA:9,ChangeType
FNDA:3,(anonymous_1)
DA:6,9
DA:7,9
DA:8,3
DA:9,1
DA:11,2
DA:14,9
LF:6
LH:6
BRDA:8,0,0,1
BRDA:8,0,1,2
BRDA:19,1,0,2
BRDA:19,1,1,7
BRF:4
BRH:4
end_of_record
TN:
SF:src/components/Counter.tsx
FN:4,Counter
FN:9,(anonymous_1)
FNF:2
FNH:2
FNDA:9,Counter
FNDA:3,(anonymous_1)
DA:5,9
DA:6,9
DA:10,3
LF:3
LH:3
BRF:0
BRH:0
end_of_record
TN:
SF:src/components/CycleHoliday.tsx
FN:29,CycleHoliday
FN:35,(anonymous_1)
FN:42,(anonymous_2)
FNF:3
FNH:3
FNDA:17,CycleHoliday
FNDA:6,(anonymous_1)
FNDA:6,(anonymous_2)
DA:5,2
DA:13,2
DA:21,2
DA:30,17
DA:31,17
DA:36,6
DA:43,6
LF:7
LH:7
BRF:0
BRH:0
end_of_record
TN:
SF:src/components/RevealAnswer.tsx
FN:4,RevealAnswer
FN:6,(anonymous_1)
FNF:2
FNH:2
FNDA:8,RevealAnswer
FNDA:3,(anonymous_1)
DA:5,8
DA:6,8
DA:7,3
DA:9,8
LF:4
LH:4
BRDA:12,0,0,8
BRDA:12,0,1,2
BRF:2
BRH:2
end_of_record
TN:
SF:src/components/StartAttempt.tsx
FN:4,StartAttempt
FN:7,(anonymous_1)
FN:11,(anonymous_2)
FN:14,(anonymous_3)
FNF:4
FNH:4
FNDA:65,StartAttempt
FNDA:16,(anonymous_1)
FNDA:12,(anonymous_2)
FNDA:10,(anonymous_3)
DA:5,65
DA:6,65
DA:7,65
DA:8,16
DA:9,16
DA:11,65
DA:12,12
DA:14,65
DA:15,10
DA:18,65
LF:10
LH:10
BRDA:24,0,0,65
BRDA:24,0,1,49
BRF:2
BRH:2
end_of_record
TN:
SF:src/components/TwoDice.tsx
FN:10,d6
FN:14,TwoDice
FN:17,(anonymous_2)
FN:20,(anonymous_3)
FNF:4
FNH:4
FNDA:17,d6
FNDA:26,TwoDice
FNDA:8,(anonymous_2)
FNDA:9,(anonymous_3)
DA:11,17
DA:15,26
DA:16,26
DA:17,26
DA:18,8
DA:20,26
DA:21,9
DA:23,26
LF:8
LH:8
BRDA:33,0,0,26
BRDA:33,0,1,4
BRDA:33,0,2,1
BRDA:34,1,0,26
BRDA:34,1,1,4
BRDA:34,1,2,3
BRF:6
BRH:6
end_of_record
TN:
SF:src/interfaces/answer.ts
FNF:0
FNH:0
LF:0
LH:0
BRF:0
BRH:0
end_of_record
TN:
SF:src/interfaces/question.ts
FNF:0
FNH:0
LF:0
LH:0
BRF:0
BRH:0
end_of_record
